#
# There is insufficient memory for the Java Runtime Environment to continue.
# Native memory allocation (malloc) failed to allocate 1048576 bytes for AllocateHeap
# Possible reasons:
#   The system is out of physical RAM or swap space
#   In 32 bit mode, the process size limit was hit
# Possible solutions:
#   Reduce memory load on the system
#   Increase physical memory or swap space
#   Check if swap backing store is full
#   Use 64 bit Java on a 64 bit OS
#   Decrease Java heap size (-Xmx/-Xms)
#   Decrease number of Java threads
#   Decrease Java thread stack sizes (-Xss)
#   Set larger code cache with -XX:ReservedCodeCacheSize=
# This output file may be truncated or incomplete.
#
#  Out of Memory Error (memory/allocation.inline.hpp:61), pid=18732, tid=0x0000000000002de0
#
# JRE version:  (8.0_171-b11) (build )
# Java VM: Java HotSpot(TM) 64-Bit Server VM (25.171-b11 mixed mode windows-amd64 compressed oops)
# Failed to write core dump. Minidumps are not enabled by default on client versions of Windows
#

---------------  T H R E A D  ---------------

Current thread (0x0000000002eee000):  JavaThread "Unknown thread" [_thread_in_vm, id=11744, stack(0x0000000002d50000,0x0000000002e50000)]

Stack: [0x0000000002d50000,0x0000000002e50000]
[error occurred during error reporting (printing stack bounds), id 0xc0000005]

Native frames: (J=compiled Java code, j=interpreted, Vv=VM code, C=native code)


---------------  P R O C E S S  ---------------

Java Threads: ( => current thread )

Other Threads:

=>0x0000000002eee000 (exited) JavaThread "Unknown thread" [_thread_in_vm, id=11744, stack(0x0000000002d50000,0x0000000002e50000)]

VM state:not at safepoint (normal execution)

VM Mutex/Monitor currently owned by a thread: None

Heap:
 PSYoungGen      total 153088K, used 2631K [0x0000000715a00000, 0x0000000720480000, 0x00000007c0000000)
  eden space 131584K, 2% used [0x0000000715a00000,0x0000000715c91ec8,0x000000071da80000)
  from space 21504K, 0% used [0x000000071ef80000,0x000000071ef80000,0x0000000720480000)
  to   space 21504K, 0% used [0x000000071da80000,0x000000071da80000,0x000000071ef80000)
 ParOldGen       total 349696K, used 0K [0x00000005c0e00000, 0x00000005d6380000, 0x0000000715a00000)
  object space 349696K, 0% used [0x00000005c0e00000,0x00000005c0e00000,0x00000005d6380000)
 Metaspace       used 750K, capacity 4480K, committed 4480K, reserved 1056768K
  class space    used 76K, capacity 384K, committed 384K, reserved 1048576K

Card table byte_map: [0x00000000123b0000,0x00000000133b0000] byte_map_base: 0x000000000f5a9000

Marking Bits: (ParMarkBitMap*) 0x000000006c5508c0
 Begin Bits: [0x0000000014460000, 0x000000001c428000)
 End Bits:   [0x000000001c428000, 0x00000000243f0000)

Polling page: 0x00000000011a0000

CodeCache: size=245760Kb used=328Kb max_used=328Kb free=245431Kb
 bounds [0x0000000002ff0000, 0x0000000003260000, 0x0000000011ff0000]
 total_blobs=58 nmethods=0 adapters=38
 compilation: enabled

Compilation events (0 events):
No events

GC Heap History (0 events):
No events

Deoptimization events (0 events):
No events

Classes redefined (0 events):
No events

Internal exceptions (0 events):
No events

Events (10 events):
Event: 0.051 loading class java/lang/Short
Event: 0.051 loading class java/lang/Short done
Event: 0.051 loading class java/lang/Integer
Event: 0.051 loading class java/lang/Integer done
Event: 0.051 loading class java/lang/Long
Event: 0.051 loading class java/lang/Long done
Event: 0.051 loading class java/lang/NullPointerException
Event: 0.051 loading class java/lang/NullPointerException done
Event: 0.051 loading class java/lang/ArithmeticException
Event: 0.051 loading class java/lang/ArithmeticException done


Dynamic libraries:
0x00007ff705310000 - 0x00007ff705347000 	C:\Program Files\Java\jre1.8.0_171\bin\javaw.exe
0x00007ffa1a590000 - 0x00007ffa1a771000 	C:\WINDOWS\SYSTEM32\ntdll.dll
0x00007ffa1a080000 - 0x00007ffa1a132000 	C:\WINDOWS\System32\KERNEL32.DLL
0x00007ffa16c90000 - 0x00007ffa16f03000 	C:\WINDOWS\System32\KERNELBASE.dll
0x00007ffa1a140000 - 0x00007ffa1a1e1000 	C:\WINDOWS\System32\ADVAPI32.dll
0x00007ffa192f0000 - 0x00007ffa1938e000 	C:\WINDOWS\System32\msvcrt.dll
0x00007ffa19290000 - 0x00007ffa192eb000 	C:\WINDOWS\System32\sechost.dll
0x00007ffa1a200000 - 0x00007ffa1a324000 	C:\WINDOWS\System32\RPCRT4.dll
0x00007ffa1a330000 - 0x00007ffa1a4c0000 	C:\WINDOWS\System32\USER32.dll
0x00007ffa16a30000 - 0x00007ffa16a50000 	C:\WINDOWS\System32\win32u.dll
0x00007ffa1a4d0000 - 0x00007ffa1a4f8000 	C:\WINDOWS\System32\GDI32.dll
0x00007ffa16af0000 - 0x00007ffa16c82000 	C:\WINDOWS\System32\gdi32full.dll
0x00007ffa16a50000 - 0x00007ffa16aef000 	C:\WINDOWS\System32\msvcp_win.dll
0x00007ffa16f10000 - 0x00007ffa1700a000 	C:\WINDOWS\System32\ucrtbase.dll
0x00007ffa06dd0000 - 0x00007ffa07039000 	C:\WINDOWS\WinSxS\amd64_microsoft.windows.common-controls_6595b64144ccf1df_6.0.17134.1_none_e4da93291059d8fb\COMCTL32.dll
0x00007ffa19780000 - 0x00007ffa19aa3000 	C:\WINDOWS\System32\combase.dll
0x00007ffa169b0000 - 0x00007ffa16a2a000 	C:\WINDOWS\System32\bcryptPrimitives.dll
0x00007ffa18fc0000 - 0x00007ffa18fed000 	C:\WINDOWS\System32\IMM32.DLL
0x000000006bc50000 - 0x000000006bd22000 	C:\Program Files\Java\jre1.8.0_171\bin\msvcr100.dll
0x000000006bd30000 - 0x000000006c5d0000 	C:\Program Files\Java\jre1.8.0_171\bin\server\jvm.dll
0x00007ffa1a4c0000 - 0x00007ffa1a4c8000 	C:\WINDOWS\System32\PSAPI.DLL
0x00007ffa13ed0000 - 0x00007ffa13ed9000 	C:\WINDOWS\SYSTEM32\WSOCK32.dll
0x00007ffa19180000 - 0x00007ffa191ec000 	C:\WINDOWS\System32\WS2_32.dll
0x00007ffa13390000 - 0x00007ffa133b3000 	C:\WINDOWS\SYSTEM32\WINMM.dll
0x00007ffa10460000 - 0x00007ffa1046a000 	C:\WINDOWS\SYSTEM32\VERSION.dll
0x00007ffa13310000 - 0x00007ffa1333a000 	C:\WINDOWS\SYSTEM32\WINMMBASE.dll
0x00007ffa16960000 - 0x00007ffa169a9000 	C:\WINDOWS\System32\cfgmgr32.dll
0x000000006bc40000 - 0x000000006bc4f000 	C:\Program Files\Java\jre1.8.0_171\bin\verify.dll
0x000000006bc10000 - 0x000000006bc39000 	C:\Program Files\Java\jre1.8.0_171\bin\java.dll
0x000000006bbf0000 - 0x000000006bc06000 	C:\Program Files\Java\jre1.8.0_171\bin\zip.dll

VM Arguments:
jvm_args: -Dfile.encoding=MS949 
java_command: swe1.twodpubg.test.MainFrame
java_class_path (initial): C:\Program Files\Java\jre1.8.0_171\lib\resources.jar;C:\Program Files\Java\jre1.8.0_171\lib\rt.jar;C:\Program Files\Java\jre1.8.0_171\lib\jsse.jar;C:\Program Files\Java\jre1.8.0_171\lib\jce.jar;C:\Program Files\Java\jre1.8.0_171\lib\charsets.jar;C:\Program Files\Java\jre1.8.0_171\lib\jfr.jar;C:\Program Files\Java\jre1.8.0_171\lib\ext\access-bridge-64.jar;C:\Program Files\Java\jre1.8.0_171\lib\ext\cldrdata.jar;C:\Program Files\Java\jre1.8.0_171\lib\ext\dnsns.jar;C:\Program Files\Java\jre1.8.0_171\lib\ext\jaccess.jar;C:\Program Files\Java\jre1.8.0_171\lib\ext\jfxrt.jar;C:\Program Files\Java\jre1.8.0_171\lib\ext\localedata.jar;C:\Program Files\Java\jre1.8.0_171\lib\ext\nashorn.jar;C:\Program Files\Java\jre1.8.0_171\lib\ext\sunec.jar;C:\Program Files\Java\jre1.8.0_171\lib\ext\sunjce_provider.jar;C:\Program Files\Java\jre1.8.0_171\lib\ext\sunmscapi.jar;C:\Program Files\Java\jre1.8.0_171\lib\ext\sunpkcs11.jar;C:\Program Files\Java\jre1.8.0_171\lib\ext\zipfs.jar;C:\Users\woorim\eclipse-workspace\2DPUBG\bin
Launcher Type: SUN_STANDARD

Environment Variables:
PATH=C:/Program Files/Java/jre1.8.0_171/bin/server;C:/Program Files/Java/jre1.8.0_171/bin;C:/Program Files/Java/jre1.8.0_171/lib/amd64;C:\Program Files (x86)\Common Files\Oracle\Java\javapath;C:\WINDOWS\system32;C:\WINDOWS;C:\WINDOWS\System32\Wbem;C:\WINDOWS\System32\WindowsPowerShell\v1.0\;C:\WINDOWS\System32\OpenSSH\;C:\Program Files\Git\cmd;C:\Users\woorim\AppData\Local\Microsoft\WindowsApps;C:\Program Files\Bandizip\;C:\Program Files\Microsoft VS Code\bin;C:\Users\woorim\AppData\Local\GitHubDesktop\bin;C:\Users\woorim\AppData\Local\Android\Sdk\platform-tools;;C:\Dev\Eclipse;
USERNAME=woorim
OS=Windows_NT
PROCESSOR_IDENTIFIER=Intel64 Family 6 Model 158 Stepping 10, GenuineIntel



---------------  S Y S T E M  ---------------

OS: Windows 10.0 , 64 bit Build 17134 (10.0.17134.1)

CPU:total 6 (initial active 6) (6 cores per cpu, 1 threads per core) family 6 model 158 stepping 10, cmov, cx8, fxsr, mmx, sse, sse2, sse3, ssse3, sse4.1, sse4.2, popcnt, avx, avx2, aes, clmul, erms, rtm, 3dnowpref, lzcnt, tsc, tscinvbit, bmi1, bmi2, adx

Memory: 4k page, physical 33493244k(18832264k free), swap 63945488k(5740k free)

vm_info: Java HotSpot(TM) 64-Bit Server VM (25.171-b11) for windows-amd64 JRE (1.8.0_171-b11), built on Mar 28 2018 16:06:12 by "java_re" with MS VC++ 10.0 (VS2010)

time: Tue May 22 23:51:42 2018
elapsed time: 0 seconds (0d 0h 0m 0s)

